<?xml version="1.0" encoding="UTF-8" ?>
<testsuite tests="4" failures="0" name="io.cucumber.mariana.RunCucumberTest" time="0.841" errors="0" skipped="4">
  <properties>
    <property name="java.runtime.name" value="Java(TM) SE Runtime Environment"/>
    <property name="sun.boot.library.path" value="C:\Program Files\Java\jdk1.8.0_281\jre\bin"/>
    <property name="java.vm.version" value="25.281-b09"/>
    <property name="java.vm.vendor" value="Oracle Corporation"/>
    <property name="maven.multiModuleProjectDirectory" value="C:\Users\marar\Downloads\SeleniumIndividual"/>
    <property name="java.vendor.url" value="http://java.oracle.com/"/>
    <property name="path.separator" value=";"/>
    <property name="guice.disable.misplaced.annotation.check" value="true"/>
    <property name="java.vm.name" value="Java HotSpot(TM) 64-Bit Server VM"/>
    <property name="file.encoding.pkg" value="sun.io"/>
    <property name="user.script" value=""/>
    <property name="user.country" value="BR"/>
    <property name="sun.java.launcher" value="SUN_STANDARD"/>
    <property name="sun.os.patch.level" value=""/>
    <property name="java.vm.specification.name" value="Java Virtual Machine Specification"/>
    <property name="user.dir" value="C:\Users\marar\Downloads\SeleniumIndividual"/>
    <property name="java.runtime.version" value="1.8.0_281-b09"/>
    <property name="java.awt.graphicsenv" value="sun.awt.Win32GraphicsEnvironment"/>
    <property name="java.endorsed.dirs" value="C:\Program Files\Java\jdk1.8.0_281\jre\lib\endorsed"/>
    <property name="os.arch" value="amd64"/>
    <property name="java.io.tmpdir" value="C:\Users\marar\AppData\Local\Temp\"/>
    <property name="line.separator" value="
"/>
    <property name="java.vm.specification.vendor" value="Oracle Corporation"/>
    <property name="user.variant" value=""/>
    <property name="os.name" value="Windows 10"/>
    <property name="classworlds.conf" value="C:\Users\marar\.m2\wrapper\dists\apache-maven-3.6.3-bin\1iopthnavndlasol9gbrbg6bf2\apache-maven-3.6.3\bin\m2.conf"/>
    <property name="sun.jnu.encoding" value="Cp1252"/>
    <property name="java.library.path" value="C:\Program Files\Java\jdk1.8.0_281\bin;C:\WINDOWS\Sun\Java\bin;C:\WINDOWS\system32;C:\WINDOWS;C:\Program Files\Common Files\Oracle\Java\javapath;;C:\Program Files\Java\jdk1.8.0_281\bin;C:\Program Files\nodejs\;C:\WINDOWS\system32;C:\WINDOWS;C:\WINDOWS\System32\Wbem;C:\WINDOWS\System32\WindowsPowerShell\v1.0\;C:\WINDOWS\System32\OpenSSH\;C:\Users\marar\AppData\Local\Microsoft\WindowsApps;C:\Users\marar\AppData\Local\Programs\Microsoft VS Code\bin;C:\Users\marar\AppData\Local\hyper\app-3.0.2\resources\bin;C:\Users\marar\AppData\Local\GitHubDesktop\bin;C:\Users\marar\AppData\Roaming\npm;C:\Users\marar\AppData\Local\Yarn\bin;;."/>
    <property name="maven.conf" value="C:\Users\marar\.m2\wrapper\dists\apache-maven-3.6.3-bin\1iopthnavndlasol9gbrbg6bf2\apache-maven-3.6.3/conf"/>
    <property name="java.specification.name" value="Java Platform API Specification"/>
    <property name="java.class.version" value="52.0"/>
    <property name="sun.management.compiler" value="HotSpot 64-Bit Tiered Compilers"/>
    <property name="os.version" value="10.0"/>
    <property name="user.home" value="C:\Users\marar"/>
    <property name="user.timezone" value="America/Sao_Paulo"/>
    <property name="java.awt.printerjob" value="sun.awt.windows.WPrinterJob"/>
    <property name="java.specification.version" value="1.8"/>
    <property name="file.encoding" value="Cp1252"/>
    <property name="user.name" value="marar"/>
    <property name="java.class.path" value="C:\Users\marar\Downloads\SeleniumIndividual\.mvn\wrapper\maven-wrapper.jar"/>
    <property name="java.vm.specification.version" value="1.8"/>
    <property name="sun.arch.data.model" value="64"/>
    <property name="java.home" value="C:\Program Files\Java\jdk1.8.0_281\jre"/>
    <property name="sun.java.command" value="org.apache.maven.wrapper.MavenWrapperMain test"/>
    <property name="java.specification.vendor" value="Oracle Corporation"/>
    <property name="user.language" value="pt"/>
    <property name="awt.toolkit" value="sun.awt.windows.WToolkit"/>
    <property name="java.vm.info" value="mixed mode"/>
    <property name="java.version" value="1.8.0_281"/>
    <property name="java.ext.dirs" value="C:\Program Files\Java\jdk1.8.0_281\jre\lib\ext;C:\WINDOWS\Sun\Java\lib\ext"/>
    <property name="sun.boot.class.path" value="C:\Program Files\Java\jdk1.8.0_281\jre\lib\resources.jar;C:\Program Files\Java\jdk1.8.0_281\jre\lib\rt.jar;C:\Program Files\Java\jdk1.8.0_281\jre\lib\sunrsasign.jar;C:\Program Files\Java\jdk1.8.0_281\jre\lib\jsse.jar;C:\Program Files\Java\jdk1.8.0_281\jre\lib\jce.jar;C:\Program Files\Java\jdk1.8.0_281\jre\lib\charsets.jar;C:\Program Files\Java\jdk1.8.0_281\jre\lib\jfr.jar;C:\Program Files\Java\jdk1.8.0_281\jre\classes"/>
    <property name="sun.stderr.encoding" value="cp850"/>
    <property name="java.vendor" value="Oracle Corporation"/>
    <property name="maven.home" value="C:\Users\marar\.m2\wrapper\dists\apache-maven-3.6.3-bin\1iopthnavndlasol9gbrbg6bf2\apache-maven-3.6.3"/>
    <property name="file.separator" value="\"/>
    <property name="java.vendor.url.bug" value="http://bugreport.sun.com/bugreport/"/>
    <property name="sun.cpu.endian" value="little"/>
    <property name="sun.io.unicode.encoding" value="UnicodeLittle"/>
    <property name="sun.stdout.encoding" value="cp850"/>
    <property name="sun.desktop" value="windows"/>
    <property name="sun.cpu.isalist" value="amd64"/>
  </properties>
  <testcase classname="Preencher o formulario no site SampleApp Tricentis" name="Preencher Enter Vehicle Data" time="0.763">
    <skipped/>
    <system-out>
Cenario: Preencher Enter Vehicle Data                               &amp;#27;[90m# io/cucumber/mariana/cenariosPreencher.feature:7&amp;#27;[0m
  &amp;#27;[33mQuando &amp;#27;[0m&amp;#27;[33mestou no site &quot;http://sampleapp.tricentis.com/101/app.php&quot;&amp;#27;[0m &amp;#27;[90m# null&amp;#27;[0m
  &amp;#27;[33mE &amp;#27;[0m&amp;#27;[33mclico em uma opcao em Make&amp;#27;[0m                                      &amp;#27;[90m# null&amp;#27;[0m
  &amp;#27;[33mE &amp;#27;[0m&amp;#27;[33mdigito no campo Engine Performance&amp;#27;[0m                              &amp;#27;[90m# null&amp;#27;[0m
  &amp;#27;[33mE &amp;#27;[0m&amp;#27;[33mescolho Date of Manufacture&amp;#27;[0m                                     &amp;#27;[90m# null&amp;#27;[0m
  &amp;#27;[33mE &amp;#27;[0m&amp;#27;[33mseleciono Number of Seats&amp;#27;[0m                                       &amp;#27;[90m# null&amp;#27;[0m
  &amp;#27;[33mE &amp;#27;[0m&amp;#27;[33mseleciono Fuel Type&amp;#27;[0m                                             &amp;#27;[90m# null&amp;#27;[0m
  &amp;#27;[33mE &amp;#27;[0m&amp;#27;[33mdigito no campo List Price&amp;#27;[0m                                      &amp;#27;[90m# null&amp;#27;[0m
  &amp;#27;[33mE &amp;#27;[0m&amp;#27;[33mdigito no campo License Plate Number&amp;#27;[0m                            &amp;#27;[90m# null&amp;#27;[0m
  &amp;#27;[33mE &amp;#27;[0m&amp;#27;[33mdigito no campo Annual Mileage&amp;#27;[0m                                  &amp;#27;[90m# null&amp;#27;[0m
  &amp;#27;[33mEntao &amp;#27;[0m&amp;#27;[33mclico no botao &quot;Next&quot;&amp;#27;[0m                                       &amp;#27;[90m# null&amp;#27;[0m
</system-out>
    <system-err>abr 01, 2021 8:18:32 AM io.cucumber.junit.Cucumber &lt;init&gt;
ADVERTÊNCIA: By default Cucumber is running in --non-strict mode.
This default will change to --strict and --non-strict will be removed.
You can use --strict or @CucumberOptions(strict = true) to suppress this warning
</system-err>
  </testcase>
  <testcase classname="Preencher o formulario no site SampleApp Tricentis" name="Preencher Enter Insurant Data" time="0.05">
    <skipped/>
    <system-out>
Cenario: Preencher Enter Insurant Data &amp;#27;[90m# io/cucumber/mariana/cenariosPreencher.feature:20&amp;#27;[0m
  &amp;#27;[33mDado &amp;#27;[0m&amp;#27;[33mque digito no campo First Name&amp;#27;[0m  &amp;#27;[90m# null&amp;#27;[0m
  &amp;#27;[33mE &amp;#27;[0m&amp;#27;[33mdigito no campo Last Name&amp;#27;[0m          &amp;#27;[90m# null&amp;#27;[0m
  &amp;#27;[33mE &amp;#27;[0m&amp;#27;[33mescolho Date of Birth&amp;#27;[0m              &amp;#27;[90m# null&amp;#27;[0m
  &amp;#27;[33mE &amp;#27;[0m&amp;#27;[33mclico na opcao de Gender&amp;#27;[0m           &amp;#27;[90m# null&amp;#27;[0m
  &amp;#27;[33mE &amp;#27;[0m&amp;#27;[33mdigito no campo Street Adress&amp;#27;[0m      &amp;#27;[90m# null&amp;#27;[0m
  &amp;#27;[33mE &amp;#27;[0m&amp;#27;[33mescolho Country&amp;#27;[0m                    &amp;#27;[90m# null&amp;#27;[0m
  &amp;#27;[33mE &amp;#27;[0m&amp;#27;[33mdigito no campo Zip Code&amp;#27;[0m           &amp;#27;[90m# null&amp;#27;[0m
  &amp;#27;[33mE &amp;#27;[0m&amp;#27;[33mdigito no campo City&amp;#27;[0m               &amp;#27;[90m# null&amp;#27;[0m
  &amp;#27;[33mE &amp;#27;[0m&amp;#27;[33mescolho Occupation&amp;#27;[0m                 &amp;#27;[90m# null&amp;#27;[0m
  &amp;#27;[33mE &amp;#27;[0m&amp;#27;[33mescolho Hobbies&amp;#27;[0m                    &amp;#27;[90m# null&amp;#27;[0m
  &amp;#27;[33mE &amp;#27;[0m&amp;#27;[33mdigito o Website&amp;#27;[0m                   &amp;#27;[90m# null&amp;#27;[0m
  &amp;#27;[33mEntao &amp;#27;[0m&amp;#27;[33mclico no próximo botao &quot;Next&quot;&amp;#27;[0m  &amp;#27;[90m# null&amp;#27;[0m
</system-out>
  </testcase>
  <testcase classname="Preencher o formulario no site SampleApp Tricentis" name="Preencher Enter Product Data" time="0.014">
    <skipped/>
    <system-out>
Cenario: Preencher Enter Product Data            &amp;#27;[90m# io/cucumber/mariana/cenariosPreencher.feature:35&amp;#27;[0m
  &amp;#27;[33mQuando &amp;#27;[0m&amp;#27;[33mseleciono uma data  no campo Start Date&amp;#27;[0m &amp;#27;[90m# null&amp;#27;[0m
  &amp;#27;[33mE &amp;#27;[0m&amp;#27;[33mseleciono um valor em Insurance Sum&amp;#27;[0m          &amp;#27;[90m# null&amp;#27;[0m
  &amp;#27;[33mE &amp;#27;[0m&amp;#27;[33mescolho no campo Merit Rating&amp;#27;[0m                &amp;#27;[90m# null&amp;#27;[0m
  &amp;#27;[33mE &amp;#27;[0m&amp;#27;[33mescolho no campo Damage Insurance&amp;#27;[0m            &amp;#27;[90m# null&amp;#27;[0m
  &amp;#27;[33mE &amp;#27;[0m&amp;#27;[33mseleciono uma opcao em Optional Products&amp;#27;[0m     &amp;#27;[90m# null&amp;#27;[0m
  &amp;#27;[33mE &amp;#27;[0m&amp;#27;[33mseleciono uma opcao em Courtesy Car&amp;#27;[0m          &amp;#27;[90m# null&amp;#27;[0m
  &amp;#27;[33mEntao &amp;#27;[0m&amp;#27;[33mclico em &quot;Next&quot;&amp;#27;[0m                          &amp;#27;[90m# null&amp;#27;[0m
</system-out>
  </testcase>
  <testcase classname="Preencher o formulario no site SampleApp Tricentis" name="Escolher tipo de Select Price Option" time="0.014">
    <skipped/>
    <system-out>
Cenario: Escolher tipo de Select Price Option &amp;#27;[90m# io/cucumber/mariana/cenariosPreencher.feature:44&amp;#27;[0m
  &amp;#27;[33mQuando &amp;#27;[0m&amp;#27;[33mescolho um preco&amp;#27;[0m                     &amp;#27;[90m# null&amp;#27;[0m
  &amp;#27;[33mEntao &amp;#27;[0m&amp;#27;[33mclico no botao seguinte &quot;Next&quot;&amp;#27;[0m        &amp;#27;[90m# null&amp;#27;[0m
</system-out>
  </testcase>
</testsuite>